Running as unit: run-rb52cde945dc94dcd9ea9478ba2422103.scope; invocation ID: 25de339257334b0fbbd0baeafa1651f6
[overlap] combo-features: /root/intra/data/ml/ml1_results_v12/combo_features_v12.parquet
[overlap] mfe-parquet:    /root/intra/data/ml/originals/ml_dataset_v11.parquet
[overlap] output:         /root/intra/data/ml/ranker_null/combo_overlap_labels.parquet
[overlap] batch size:     500,000
[overlap] combo universe: 13,814 rows (13,814 unique combo_id ints, 13,814 unique global_combo_ids)
[overlap] MFE version prefix inferred: 'v11'; combo-features prefixes: ['v11']
[overlap] eligible combos (prefix == 'v11'): 13,814 / 13,814
[overlap] streaming ml_dataset_v11.parquet (102,220,938 rows, 928 row groups)
[overlap]   batch    5 |    2,500,000 rows streamed |    2,460,816 rows in-universe |   373 combos seen |     0.2s | 12,723,800 rows/s
[overlap]   batch   10 |    5,000,000 rows streamed |    4,940,807 rows in-universe |   645 combos seen |     0.3s | 15,930,709 rows/s
[overlap]   batch   15 |    7,500,000 rows streamed |    7,407,823 rows in-universe |   970 combos seen |     0.4s | 17,611,484 rows/s
[overlap]   batch   20 |   10,000,000 rows streamed |    9,881,307 rows in-universe |  1317 combos seen |     0.6s | 16,585,442 rows/s
[overlap]   batch   25 |   12,500,000 rows streamed |   12,353,221 rows in-universe |  1629 combos seen |     0.7s | 17,413,774 rows/s
[overlap]   batch   30 |   15,000,000 rows streamed |   14,826,834 rows in-universe |  1936 combos seen |     0.9s | 16,806,365 rows/s
[overlap]   batch   35 |   17,500,000 rows streamed |   17,298,593 rows in-universe |  2300 combos seen |     1.0s | 17,400,884 rows/s
[overlap]   batch   40 |   20,000,000 rows streamed |   19,772,535 rows in-universe |  2650 combos seen |     1.1s | 17,874,126 rows/s
[overlap]   batch   45 |   22,500,000 rows streamed |   22,237,145 rows in-universe |  3044 combos seen |     1.3s | 17,358,406 rows/s
[overlap]   batch   50 |   25,000,000 rows streamed |   24,703,903 rows in-universe |  3414 combos seen |     1.4s | 17,662,717 rows/s
[overlap]   batch   55 |   27,500,000 rows streamed |   27,169,700 rows in-universe |  3741 combos seen |     1.5s | 18,253,457 rows/s
[overlap]   batch   60 |   30,000,000 rows streamed |   29,640,441 rows in-universe |  4068 combos seen |     1.6s | 18,388,545 rows/s
[overlap]   batch   65 |   32,500,000 rows streamed |   32,110,775 rows in-universe |  4412 combos seen |     1.8s | 18,041,643 rows/s
[overlap]   batch   70 |   35,000,000 rows streamed |   34,582,504 rows in-universe |  4723 combos seen |     1.9s | 18,222,518 rows/s
[overlap]   batch   75 |   37,500,000 rows streamed |   37,058,863 rows in-universe |  4985 combos seen |     2.0s | 18,442,318 rows/s
[overlap]   batch   80 |   40,000,000 rows streamed |   39,531,476 rows in-universe |  5316 combos seen |     2.2s | 18,161,282 rows/s
[overlap]   batch   85 |   42,500,000 rows streamed |   42,006,874 rows in-universe |  5636 combos seen |     2.3s | 18,329,405 rows/s
[overlap]   batch   90 |   45,000,000 rows streamed |   44,477,472 rows in-universe |  6022 combos seen |     2.5s | 18,056,442 rows/s
[overlap]   batch   95 |   47,500,000 rows streamed |   46,944,528 rows in-universe |  6367 combos seen |     2.6s | 18,235,210 rows/s
[overlap]   batch  100 |   50,000,000 rows streamed |   49,403,612 rows in-universe |  6793 combos seen |     2.7s | 18,347,536 rows/s
[overlap]   batch  105 |   52,500,000 rows streamed |   51,874,248 rows in-universe |  7107 combos seen |     2.9s | 18,105,170 rows/s
[overlap]   batch  110 |   55,000,000 rows streamed |   54,343,250 rows in-universe |  7457 combos seen |     3.1s | 17,745,542 rows/s
[overlap]   batch  115 |   57,500,000 rows streamed |   56,810,072 rows in-universe |  7823 combos seen |     3.2s | 17,948,593 rows/s
[overlap]   batch  120 |   60,000,000 rows streamed |   59,280,580 rows in-universe |  8146 combos seen |     3.3s | 18,070,712 rows/s
[overlap]   batch  125 |   62,500,000 rows streamed |   61,748,991 rows in-universe |  8498 combos seen |     3.4s | 18,205,106 rows/s
[overlap]   batch  130 |   65,000,000 rows streamed |   64,222,201 rows in-universe |  8808 combos seen |     3.6s | 18,051,758 rows/s
[overlap]   batch  135 |   67,500,000 rows streamed |   66,692,379 rows in-universe |  9100 combos seen |     3.7s | 18,166,637 rows/s
[overlap]   batch  140 |   70,000,000 rows streamed |   69,159,592 rows in-universe |  9460 combos seen |     3.9s | 17,948,589 rows/s
[overlap]   batch  145 |   72,500,000 rows streamed |   71,631,042 rows in-universe |  9767 combos seen |     4.0s | 18,055,631 rows/s
[overlap]   batch  150 |   75,000,000 rows streamed |   74,101,766 rows in-universe | 10112 combos seen |     4.1s | 18,176,099 rows/s
[overlap]   batch  155 |   77,500,000 rows streamed |   76,575,101 rows in-universe | 10431 combos seen |     4.2s | 18,274,328 rows/s
[overlap]   batch  160 |   80,000,000 rows streamed |   79,043,680 rows in-universe | 10824 combos seen |     4.4s | 18,158,263 rows/s
[overlap]   batch  165 |   82,500,000 rows streamed |   81,511,616 rows in-universe | 11150 combos seen |     4.5s | 18,248,426 rows/s
[overlap]   batch  170 |   85,000,000 rows streamed |   83,980,534 rows in-universe | 11470 combos seen |     4.7s | 18,123,491 rows/s
[overlap]   batch  175 |   87,500,000 rows streamed |   86,448,204 rows in-universe | 11809 combos seen |     4.8s | 18,216,784 rows/s
[overlap]   batch  180 |   90,000,000 rows streamed |   88,921,058 rows in-universe | 12129 combos seen |     4.9s | 18,293,338 rows/s
[overlap]   batch  185 |   92,500,000 rows streamed |   91,389,332 rows in-universe | 12486 combos seen |     5.0s | 18,380,129 rows/s
[overlap]   batch  190 |   95,000,000 rows streamed |   93,860,403 rows in-universe | 12816 combos seen |     5.2s | 18,280,916 rows/s
[overlap]   batch  195 |   97,500,000 rows streamed |   96,328,444 rows in-universe | 13130 combos seen |     5.3s | 18,336,612 rows/s
[overlap]   batch  200 |  100,000,000 rows streamed |   98,795,780 rows in-universe | 13486 combos seen |     5.5s | 18,199,582 rows/s
[overlap]   batch  205 |  102,220,938 rows streamed |  100,983,394 rows in-universe | 13814 combos seen |     5.6s | 18,248,754 rows/s
[overlap] DONE streaming 102,220,938 rows (100,983,394 in-universe) in 5.6s (18,247,502 rows/s); 13814 unique combos observed in MFE
[overlap] summary: 13,814 combos with trades_in_training>0, 0 combos with trades_in_training==0
[overlap] overlap_pct on overlapping combos: p5=1.000, p50=1.000, p95=1.000, mean=1.000
[overlap] wrote data/ml/ranker_null/combo_overlap_labels.parquet (13,814 rows, 224.4 KB)
[overlap_labels] ALL DONE
